<?xml version="1.0" encoding="UTF-8"?>
<!-- Generated by org.testng.reporters.JUnitReportReporter -->
<testsuite hostname="G815DTRV" name="tests.Registration" tests="1" failures="0" timestamp="28 Sep 2016 05:07:58 GMT" time="39.928" errors="0">
  <testcase name="TestRegistration" time="39.928" classname="tests.Registration"/>
</testsuite> <!-- tests.Registration -->
