<?xml version="1.0" encoding="UTF-8"?>
<!-- Generated by org.testng.reporters.JUnitReportReporter -->
<testsuite hostname="G815DTRV" name="seleniumpackage.SeleniumClass" tests="1" failures="0" timestamp="27 Sep 2016 05:48:19 GMT" time="0.002" errors="0">
  <testcase name="clickCheckBox" time="0.002" classname="seleniumpackage.SeleniumClass"/>
</testsuite> <!-- seleniumpackage.SeleniumClass -->
