<?xml version="1.0" encoding="UTF-8"?>
<!-- Generated by org.testng.reporters.JUnitReportReporter -->
<testsuite hostname="G815DTRV" name="tests.MainTest" tests="2" failures="0" timestamp="28 Sep 2016 07:24:29 GMT" time="60.820" errors="0">
  <testcase name="testRegistration" time="44.781" classname="tests.MainTest"/>
  <testcase name="loginNewTours" time="16.039" classname="tests.MainTest"/>
</testsuite> <!-- tests.MainTest -->
